<?xml version="1.0" encoding="UTF-8"?>
<!-- Generated by org.testng.reporters.JUnitXMLReporter -->
<testsuite hostname="MCGL-5632" name="Test" tests="15" failures="0" timestamp="16 Oct 2017 10:25:55 GMT" time="318.308" errors="0">
  <testcase name="suspend" time="14.121" classname="testcases.Suspend"/>
  <testcase name="suspend" time="13.603" classname="testcases.Suspend"/>
  <testcase name="suspend" time="13.732" classname="testcases.Suspend"/>
  <testcase name="suspend" time="13.84" classname="testcases.Suspend"/>
  <testcase name="suspend" time="1.296" classname="testcases.Suspend"/>
  <testcase name="resume" time="14.319" classname="testcases.ResumeProfile"/>
  <testcase name="resume" time="14.379" classname="testcases.ResumeProfile"/>
  <testcase name="resume" time="14.676" classname="testcases.ResumeProfile"/>
  <testcase name="resume" time="35.694" classname="testcases.ResumeProfile"/>
  <testcase name="viewprofile" time="13.839" classname="testcases.ViewLMS"/>
  <testcase name="viewprofile" time="13.623" classname="testcases.ViewLMS"/>
  <testcase name="viewprofile" time="13.651" classname="testcases.ViewLMS"/>
  <testcase name="viewprofile" time="13.411" classname="testcases.ViewLMS"/>
  <testcase name="viewprofile" time="13.353" classname="testcases.ViewLMS"/>
  <testcase name="viewprofile" time="13.165" classname="testcases.ViewLMS"/>
</testsuite> <!-- Test -->
